p/1558952567.jpg 1 0 0 251 250
p/1558952566.jpg 1 0 0 251 250
p/1558952565.jpg 1 0 0 251 250
p/1558952564.jpg 1 0 0 251 250
p/1558952563.jpg 1 0 0 251 250
p/1558952561.jpg 1 0 0 251 250
p/1558952560.jpg 1 0 0 251 250
p/1558952559.jpg 1 0 0 251 250
p/1558952558.jpg 1 0 0 251 250
p/1558952557.jpg 1 0 0 251 250
p/1558952556.jpg 1 0 0 251 250
p/1558952555.jpg 1 0 0 251 250
p/1558952554.jpg 1 0 0 251 250
p/1558952553.jpg 1 0 0 251 250
p/1558952552.jpg 1 0 0 251 250
p/1558952551.jpg 1 0 0 251 250
p/1558952550.jpg 1 0 0 251 250
p/1558952549.jpg 1 0 0 251 250
p/1558952548.jpg 1 0 0 251 250
p/1558952547.jpg 1 0 0 251 250
p/1558952546.jpg 1 0 0 251 250
p/1558952545.jpg 1 0 0 251 250
p/1558952544.jpg 1 0 0 251 250
p/1558952543.jpg 1 0 0 251 250
p/1558952542.jpg 1 0 0 251 250
p/1558952541.jpg 1 0 0 251 250
p/1558952540.jpg 1 0 0 251 250
p/1558952539.jpg 1 0 0 251 250
p/1558952538.jpg 1 0 0 251 250
p/1558952537.jpg 1 0 0 251 250
p/1558952536.jpg 1 0 0 251 250
p/1558952535.jpg 1 0 0 251 250
p/1558952534.jpg 1 0 0 251 250
p/1558952533.jpg 1 0 0 251 250
p/1558952532.jpg 1 0 0 251 250
p/1558952531.jpg 1 0 0 251 250
p/1558952530.jpg 1 0 0 251 250
p/1558952529.jpg 1 0 0 251 250
p/1558952528.jpg 1 0 0 251 250
p/1558952527.jpg 1 0 0 251 250
p/1558952526.jpg 1 0 0 251 250
p/1558952525.jpg 1 0 0 251 250
p/1558952524.jpg 1 0 0 251 250
p/1558952523.jpg 1 0 0 251 250
p/1558952522.jpg 1 0 0 251 250
p/1558952521.jpg 1 0 0 251 250
p/1558952520.jpg 1 0 0 251 250
p/1558952519.jpg 1 0 0 251 250
p/1558952518.jpg 1 0 0 251 250
p/1558952517.jpg 1 0 0 251 250
p/1558952515.jpg 1 0 0 251 250
p/1558952514.jpg 1 0 0 251 250
p/1558952513.jpg 1 0 0 251 250
p/1558952512.jpg 1 0 0 251 250
p/1558952511.jpg 1 0 0 251 250
p/1558952510.jpg 1 0 0 251 250
p/1558952509.jpg 1 0 0 251 250
p/1558952508.jpg 1 0 0 251 250
p/1558952507.jpg 1 0 0 251 250
p/1558952506.jpg 1 0 0 251 250
p/1558952505.jpg 1 0 0 251 250
p/1558952504.jpg 1 0 0 251 250
p/1558952503.jpg 1 0 0 251 250
p/1558952502.jpg 1 0 0 251 250
p/1558952501.jpg 1 0 0 251 250
p/1558952500.jpg 1 0 0 251 250
p/1558952499.jpg 1 0 0 251 250
p/1558952498.jpg 1 0 0 251 250
p/1558952497.jpg 1 0 0 251 250
p/1558952496.jpg 1 0 0 251 250
p/1558952495.jpg 1 0 0 251 250
p/1558952494.jpg 1 0 0 251 250
p/1558952493.jpg 1 0 0 251 250
p/1558952492.jpg 1 0 0 251 250
p/1558952491.jpg 1 0 0 251 250
p/1558952490.jpg 1 0 0 251 250
p/1558952489.jpg 1 0 0 251 250
p/1558952488.jpg 1 0 0 251 250
p/1558952487.jpg 1 0 0 251 250
p/1558952486.jpg 1 0 0 251 250
p/1558952485.jpg 1 0 0 251 250
p/1558952484.jpg 1 0 0 251 250
p/1558952483.jpg 1 0 0 251 250
p/1558952482.jpg 1 0 0 251 250
p/1558952481.jpg 1 0 0 251 250
p/1558952480.jpg 1 0 0 251 250
p/1558952479.jpg 1 0 0 251 250
p/1558952478.jpg 1 0 0 251 250
p/1558952477.jpg 1 0 0 251 250
p/1558952476.jpg 1 0 0 251 250
p/1558952475.jpg 1 0 0 251 250
p/1558952474.jpg 1 0 0 251 250
p/1558952473.jpg 1 0 0 251 250
p/1558952472.jpg 1 0 0 251 250
p/1558952470.jpg 1 0 0 251 250
p/1558952469.jpg 1 0 0 251 250
p/1558952468.jpg 1 0 0 251 250
p/1558952467.jpg 1 0 0 251 250
p/1558952466.jpg 1 0 0 251 250
p/1558952465.jpg 1 0 0 251 250
p/1558952464.jpg 1 0 0 251 250
p/1558952463.jpg 1 0 0 251 250
p/1558952462.jpg 1 0 0 251 250
p/1558952461.jpg 1 0 0 251 250
p/1558952460.jpg 1 0 0 251 250
p/1558952459.jpg 1 0 0 251 250
p/1558952458.jpg 1 0 0 251 250
p/1558952457.jpg 1 0 0 251 250
p/1558952456.jpg 1 0 0 251 250
p/1558952455.jpg 1 0 0 251 250
p/1558952454.jpg 1 0 0 251 250
p/1558952453.jpg 1 0 0 251 250
p/1558952452.jpg 1 0 0 251 250
p/1558952451.jpg 1 0 0 251 250
p/1558952450.jpg 1 0 0 251 250
p/1558952449.jpg 1 0 0 251 250
p/1558952448.jpg 1 0 0 251 250
p/1558952447.jpg 1 0 0 251 250
p/1558952446.jpg 1 0 0 251 250
p/1558952445.jpg 1 0 0 251 250
p/1558952444.jpg 1 0 0 251 250
p/1558952443.jpg 1 0 0 251 250
p/1558952442.jpg 1 0 0 251 250
p/1558952441.jpg 1 0 0 251 250
p/1558952440.jpg 1 0 0 251 250
p/1558952439.jpg 1 0 0 251 250
p/1558952438.jpg 1 0 0 251 250
p/1558952437.jpg 1 0 0 251 250
p/1558952436.jpg 1 0 0 251 250
p/1558952435.jpg 1 0 0 251 250
p/1558952434.jpg 1 0 0 251 250
p/1558952433.jpg 1 0 0 251 250
p/1558952432.jpg 1 0 0 251 250
p/1558952431.jpg 1 0 0 251 250
p/1558952430.jpg 1 0 0 251 250
p/1558952429.jpg 1 0 0 251 250
p/1558952428.jpg 1 0 0 251 250
p/1558952427.jpg 1 0 0 251 250
p/1558952426.jpg 1 0 0 251 250
p/1558952425.jpg 1 0 0 251 250
p/1558952424.jpg 1 0 0 251 250
p/1558952423.jpg 1 0 0 251 250
p/1558952422.jpg 1 0 0 251 250
p/1558952421.jpg 1 0 0 251 250
p/1558952420.jpg 1 0 0 251 250
p/1558952418.jpg 1 0 0 251 250
p/1558952417.jpg 1 0 0 251 250
p/1558952416.jpg 1 0 0 251 250
p/1558952415.jpg 1 0 0 251 250
p/1558952414.jpg 1 0 0 251 250
p/1558952413.jpg 1 0 0 251 250
p/1558952412.jpg 1 0 0 251 250
p/1558952411.jpg 1 0 0 251 250
p/1558952410.jpg 1 0 0 251 250
p/1558952409.jpg 1 0 0 251 250
p/1558952408.jpg 1 0 0 251 250
p/1558952407.jpg 1 0 0 251 250
p/1558952406.jpg 1 0 0 251 250
p/1558952405.jpg 1 0 0 251 250
p/1558952404.jpg 1 0 0 251 250
p/1558952403.jpg 1 0 0 251 250
p/1558952402.jpg 1 0 0 251 250
p/1558952401.jpg 1 0 0 251 250
p/1558952400.jpg 1 0 0 251 250
p/1558952399.jpg 1 0 0 251 250
p/1558952398.jpg 1 0 0 251 250
p/1558952397.jpg 1 0 0 251 250
p/1558952396.jpg 1 0 0 251 250
p/1558952395.jpg 1 0 0 251 250
p/1558952394.jpg 1 0 0 251 250
p/1558952393.jpg 1 0 0 251 250
p/1558952392.jpg 1 0 0 251 250
p/1558952391.jpg 1 0 0 251 250
p/1558952390.jpg 1 0 0 251 250
p/1558952389.jpg 1 0 0 251 250
p/1558952388.jpg 1 0 0 251 250
p/1558952387.jpg 1 0 0 251 250
p/1558952386.jpg 1 0 0 251 250
p/1558952385.jpg 1 0 0 251 250
p/1558952384.jpg 1 0 0 251 250
p/1558952383.jpg 1 0 0 251 250
p/1558952382.jpg 1 0 0 251 250
p/1558952381.jpg 1 0 0 251 250
p/1558952380.jpg 1 0 0 251 250
p/1558952379.jpg 1 0 0 251 250
p/1558952378.jpg 1 0 0 251 250
p/1558952377.jpg 1 0 0 251 250
p/1558952376.jpg 1 0 0 251 250
p/1558952375.jpg 1 0 0 251 250
p/1558952374.jpg 1 0 0 251 250
p/1558952373.jpg 1 0 0 251 250
p/1558952372.jpg 1 0 0 251 250
p/1558952371.jpg 1 0 0 251 250
p/1558952370.jpg 1 0 0 251 250
p/1558952369.jpg 1 0 0 251 250
p/1558952367.jpg 1 0 0 251 250
p/1558952366.jpg 1 0 0 251 250
p/1558952365.jpg 1 0 0 251 250
p/1558952364.jpg 1 0 0 251 250
p/1558952363.jpg 1 0 0 251 250
p/1558952362.jpg 1 0 0 251 250
p/1558952361.jpg 1 0 0 251 250
p/1558952360.jpg 1 0 0 251 250
p/1558952359.jpg 1 0 0 251 250
p/1558952358.jpg 1 0 0 251 250
p/1558952357.jpg 1 0 0 251 250
p/1558952356.jpg 1 0 0 251 250
p/1558952355.jpg 1 0 0 251 250
p/1558952354.jpg 1 0 0 251 250
p/1558952353.jpg 1 0 0 251 250
p/1558952352.jpg 1 0 0 251 250
p/1558952351.jpg 1 0 0 251 250
p/1558952350.jpg 1 0 0 251 250
p/1558952349.jpg 1 0 0 251 250
p/1558952348.jpg 1 0 0 251 250
p/1558952347.jpg 1 0 0 251 250
p/1558952346.jpg 1 0 0 251 250
p/1558952345.jpg 1 0 0 251 250
p/1558952344.jpg 1 0 0 251 250
p/1558952343.jpg 1 0 0 251 250
p/1558952342.jpg 1 0 0 251 250
p/1558952341.jpg 1 0 0 251 250
p/1558952340.jpg 1 0 0 251 250
p/1558952339.jpg 1 0 0 251 250
p/1558952338.jpg 1 0 0 251 250
p/1558952337.jpg 1 0 0 251 250
p/1558952336.jpg 1 0 0 251 250
p/1558952335.jpg 1 0 0 251 250
p/1558952334.jpg 1 0 0 251 250
p/1558952333.jpg 1 0 0 251 250
p/1558952332.jpg 1 0 0 251 250
p/1558952331.jpg 1 0 0 251 250
p/1558952330.jpg 1 0 0 251 250
p/1558952329.jpg 1 0 0 251 250
p/1558952328.jpg 1 0 0 251 250
p/1558952327.jpg 1 0 0 251 250
p/1558952326.jpg 1 0 0 251 250
p/1558952325.jpg 1 0 0 251 250
p/1558952324.jpg 1 0 0 251 250
p/1558952323.jpg 1 0 0 251 250
p/1558952322.jpg 1 0 0 251 250
p/1558952321.jpg 1 0 0 251 250
p/1558952320.jpg 1 0 0 251 250
p/1558952319.jpg 1 0 0 251 250
p/1558952318.jpg 1 0 0 251 250
p/1558952317.jpg 1 0 0 251 250
p/1558952316.jpg 1 0 0 251 250
p/1558952315.jpg 1 0 0 251 250
p/1558952313.jpg 1 0 0 251 250
p/1558952312.jpg 1 0 0 251 250
p/1558952311.jpg 1 0 0 251 250
p/1558952310.jpg 1 0 0 251 250
p/1558952309.jpg 1 0 0 251 250
p/1558952308.jpg 1 0 0 251 250
p/1558952307.jpg 1 0 0 251 250
p/1558952306.jpg 1 0 0 251 250
p/1558952305.jpg 1 0 0 251 250
p/1558952304.jpg 1 0 0 251 250
p/1558952303.jpg 1 0 0 251 250
p/1558952302.jpg 1 0 0 251 250
p/1558952301.jpg 1 0 0 251 250
p/1558952300.jpg 1 0 0 251 250
p/1558952299.jpg 1 0 0 251 250
p/1558952298.jpg 1 0 0 251 250
p/1558952297.jpg 1 0 0 251 250
p/1558952296.jpg 1 0 0 251 250
p/1558952295.jpg 1 0 0 251 250
p/1558952294.jpg 1 0 0 251 250
p/1558952293.jpg 1 0 0 251 250
p/1558952292.jpg 1 0 0 251 250
p/1558952291.jpg 1 0 0 251 250
p/1558952290.jpg 1 0 0 251 250
p/1558952289.jpg 1 0 0 251 250
p/1558952288.jpg 1 0 0 251 250
p/1558952287.jpg 1 0 0 251 250
p/1558952286.jpg 1 0 0 251 250
p/1558952285.jpg 1 0 0 251 250
p/1558952284.jpg 1 0 0 251 250
p/1558952283.jpg 1 0 0 251 250
p/1558952282.jpg 1 0 0 251 250
p/1558952281.jpg 1 0 0 251 250
p/1558952280.jpg 1 0 0 251 250
p/1558952279.jpg 1 0 0 251 250
p/1558952278.jpg 1 0 0 251 250
p/1558952277.jpg 1 0 0 251 250
p/1558952276.jpg 1 0 0 251 250
p/1558952275.jpg 1 0 0 251 250
p/1558952274.jpg 1 0 0 251 250
p/1558952273.jpg 1 0 0 251 250
p/1558952272.jpg 1 0 0 251 250
p/1558952271.jpg 1 0 0 251 250
p/1558952270.jpg 1 0 0 251 250
p/1558952269.jpg 1 0 0 251 250
p/1558952268.jpg 1 0 0 251 250
p/1558952267.jpg 1 0 0 251 250
p/1558952266.jpg 1 0 0 251 250
p/1558952265.jpg 1 0 0 251 250
p/1558952263.jpg 1 0 0 251 250
p/1558952262.jpg 1 0 0 251 250
p/1558952261.jpg 1 0 0 251 250
p/1558952260.jpg 1 0 0 251 250
p/1558952259.jpg 1 0 0 251 250
p/1558952258.jpg 1 0 0 251 250
p/1558952257.jpg 1 0 0 251 250
p/1558952256.jpg 1 0 0 251 250
p/1558952255.jpg 1 0 0 251 250
p/1558952254.jpg 1 0 0 251 250
p/1558952253.jpg 1 0 0 251 250
p/1558952252.jpg 1 0 0 251 250
p/1558952251.jpg 1 0 0 251 250
p/1558952250.jpg 1 0 0 251 250
p/1558952249.jpg 1 0 0 251 250
p/1558952248.jpg 1 0 0 251 250
p/1558952247.jpg 1 0 0 251 250
p/1558952246.jpg 1 0 0 251 250
p/1558952245.jpg 1 0 0 251 250
p/1558952244.jpg 1 0 0 251 250
p/1558952243.jpg 1 0 0 251 250
p/1558952242.jpg 1 0 0 251 250
p/1558952241.jpg 1 0 0 251 250
p/1558952240.jpg 1 0 0 251 250
p/1558952239.jpg 1 0 0 251 250
p/1558952238.jpg 1 0 0 251 250
p/1558952237.jpg 1 0 0 251 250
p/1558952236.jpg 1 0 0 251 250
p/1558952235.jpg 1 0 0 251 250
p/1558952234.jpg 1 0 0 251 250
p/1558952233.jpg 1 0 0 251 250
p/1558952232.jpg 1 0 0 251 250
p/1558952231.jpg 1 0 0 251 250
p/1558952230.jpg 1 0 0 251 250
p/1558952229.jpg 1 0 0 251 250
p/1558952228.jpg 1 0 0 251 250
p/1558952227.jpg 1 0 0 251 250
p/1558952226.jpg 1 0 0 251 250
p/1558952225.jpg 1 0 0 251 250
p/1558952224.jpg 1 0 0 251 250
p/1558952223.jpg 1 0 0 251 250
p/1558952222.jpg 1 0 0 251 250
p/1558952221.jpg 1 0 0 251 250
p/1558952220.jpg 1 0 0 251 250
p/1558952219.jpg 1 0 0 251 250
p/1558952218.jpg 1 0 0 251 250
p/1558952217.jpg 1 0 0 251 250
p/1558952216.jpg 1 0 0 251 250
p/1558952215.jpg 1 0 0 251 250
p/1558952214.jpg 1 0 0 251 250
p/1558952212.jpg 1 0 0 251 250
p/1558952211.jpg 1 0 0 251 250
p/1558952210.jpg 1 0 0 251 250
p/1558952209.jpg 1 0 0 251 250
p/1558952208.jpg 1 0 0 251 250
p/1558952207.jpg 1 0 0 251 250
p/1558952206.jpg 1 0 0 251 250
p/1558952205.jpg 1 0 0 251 250
p/1558952204.jpg 1 0 0 251 250
p/1558952203.jpg 1 0 0 251 250
p/1558952202.jpg 1 0 0 251 250
p/1558952201.jpg 1 0 0 251 250
p/1558952200.jpg 1 0 0 251 250
p/1558952199.jpg 1 0 0 251 250
p/1558952198.jpg 1 0 0 251 250
p/1558952197.jpg 1 0 0 251 250
p/1558952196.jpg 1 0 0 251 250
p/1558952195.jpg 1 0 0 251 250
p/1558952194.jpg 1 0 0 251 250
p/1558952193.jpg 1 0 0 251 250
p/1558952192.jpg 1 0 0 251 250
p/1558952191.jpg 1 0 0 251 250
p/1558952190.jpg 1 0 0 251 250
p/1558952189.jpg 1 0 0 251 250
p/1558952188.jpg 1 0 0 251 250
p/1558952187.jpg 1 0 0 251 250
p/1558952186.jpg 1 0 0 251 250
p/1558952185.jpg 1 0 0 251 250
p/1558952184.jpg 1 0 0 251 250
p/1558952183.jpg 1 0 0 251 250
p/1558952182.jpg 1 0 0 251 250
p/1558952181.jpg 1 0 0 251 250
p/1558952180.jpg 1 0 0 251 250
p/1558952179.jpg 1 0 0 251 250
p/1558952178.jpg 1 0 0 251 250
p/1558952177.jpg 1 0 0 251 250
p/1558952176.jpg 1 0 0 251 250
p/1558952175.jpg 1 0 0 251 250
p/1558952174.jpg 1 0 0 251 250
p/1558952173.jpg 1 0 0 251 250
p/1558952172.jpg 1 0 0 251 250
p/1558952171.jpg 1 0 0 251 250
p/1558952170.jpg 1 0 0 251 250
p/1558952169.jpg 1 0 0 251 250
p/1558952168.jpg 1 0 0 251 250
p/1558952167.jpg 1 0 0 251 250
p/1558952166.jpg 1 0 0 251 250
p/1558952165.jpg 1 0 0 251 250
p/1558952164.jpg 1 0 0 251 250
p/1558952163.jpg 1 0 0 251 250
p/1558952161.jpg 1 0 0 251 250
p/1558952160.jpg 1 0 0 251 250
p/1558952159.jpg 1 0 0 251 250
p/1558952158.jpg 1 0 0 251 250
p/1558952157.jpg 1 0 0 251 250
p/1558952156.jpg 1 0 0 251 250
p/1558952155.jpg 1 0 0 251 250
p/1558952154.jpg 1 0 0 251 250
p/1558952153.jpg 1 0 0 251 250
p/1558952152.jpg 1 0 0 251 250
p/1558952151.jpg 1 0 0 251 250
p/1558952150.jpg 1 0 0 251 250
p/1558952149.jpg 1 0 0 251 250
p/1558952148.jpg 1 0 0 251 250
p/1558952147.jpg 1 0 0 251 250
p/1558952146.jpg 1 0 0 251 250
p/1558952145.jpg 1 0 0 251 250
p/1558952144.jpg 1 0 0 251 250
p/1558952143.jpg 1 0 0 251 250
p/1558952142.jpg 1 0 0 251 250
p/1558952141.jpg 1 0 0 251 250
p/1558952140.jpg 1 0 0 251 250
p/1558952139.jpg 1 0 0 251 250
p/1558952138.jpg 1 0 0 251 250
p/1558952137.jpg 1 0 0 251 250
p/1558952136.jpg 1 0 0 251 250
p/1558952135.jpg 1 0 0 251 250
p/1558952134.jpg 1 0 0 251 250
p/1558952133.jpg 1 0 0 251 250
p/1558952132.jpg 1 0 0 251 250
p/1558952131.jpg 1 0 0 251 250
p/1558952130.jpg 1 0 0 251 250
p/1558952129.jpg 1 0 0 251 250
p/1558952128.jpg 1 0 0 251 250
p/1558952127.jpg 1 0 0 251 250
p/1558952126.jpg 1 0 0 251 250
p/1558952125.jpg 1 0 0 251 250
p/1558952124.jpg 1 0 0 251 250
p/1558952123.jpg 1 0 0 251 250
p/1558952122.jpg 1 0 0 251 250
p/1558952121.jpg 1 0 0 251 250
p/1558952120.jpg 1 0 0 251 250
p/1558952119.jpg 1 0 0 251 250
p/1558952118.jpg 1 0 0 251 250
p/1558952117.jpg 1 0 0 251 250
p/1558952116.jpg 1 0 0 251 250
p/1558952115.jpg 1 0 0 251 250
p/1558952114.jpg 1 0 0 251 250
p/1558952113.jpg 1 0 0 251 250
p/1558952112.jpg 1 0 0 251 250
p/1558952110.jpg 1 0 0 251 250
p/1558952109.jpg 1 0 0 251 250
p/1558952108.jpg 1 0 0 251 250
p/1558952107.jpg 1 0 0 251 250
p/1558952106.jpg 1 0 0 251 250
p/1558952105.jpg 1 0 0 251 250
p/1558952104.jpg 1 0 0 251 250
p/1558952103.jpg 1 0 0 251 250
p/1558952102.jpg 1 0 0 251 250
p/1558952101.jpg 1 0 0 251 250
p/1558952100.jpg 1 0 0 251 250
p/1558952099.jpg 1 0 0 251 250
p/1558952098.jpg 1 0 0 251 250
p/1558952097.jpg 1 0 0 251 250
p/1558952096.jpg 1 0 0 251 250
p/1558952095.jpg 1 0 0 251 250
p/1558952094.jpg 1 0 0 251 250
p/1558952093.jpg 1 0 0 251 250
p/1558952092.jpg 1 0 0 251 250
p/1558952091.jpg 1 0 0 251 250
p/1558952090.jpg 1 0 0 251 250
p/1558952089.jpg 1 0 0 251 250
p/1558952088.jpg 1 0 0 251 250
p/1558952087.jpg 1 0 0 251 250
p/1558952086.jpg 1 0 0 251 250
p/1558952085.jpg 1 0 0 251 250
p/1558952084.jpg 1 0 0 251 250
p/1558952083.jpg 1 0 0 251 250
p/1558952082.jpg 1 0 0 251 250
p/1558952081.jpg 1 0 0 251 250
p/1558952080.jpg 1 0 0 251 250
p/1558952079.jpg 1 0 0 251 250
p/1558952078.jpg 1 0 0 251 250
p/1558952077.jpg 1 0 0 251 250
p/1558952076.jpg 1 0 0 251 250
p/1558952075.jpg 1 0 0 251 250
p/1558952074.jpg 1 0 0 251 250
p/1558952073.jpg 1 0 0 251 250
p/1558952072.jpg 1 0 0 251 250
p/1558952071.jpg 1 0 0 251 250
p/1558952070.jpg 1 0 0 251 250
p/1558952069.jpg 1 0 0 251 250
p/1558952068.jpg 1 0 0 251 250
p/1558952067.jpg 1 0 0 251 250
p/1558952066.jpg 1 0 0 251 250
p/1558952065.jpg 1 0 0 251 250
p/1558952064.jpg 1 0 0 251 250
p/1558952063.jpg 1 0 0 251 250
p/1558952062.jpg 1 0 0 251 250
p/1558952060.jpg 1 0 0 251 250
p/1558952059.jpg 1 0 0 251 250
p/1558952058.jpg 1 0 0 251 250
p/1558952057.jpg 1 0 0 251 250
p/1558952056.jpg 1 0 0 251 250
p/1558952055.jpg 1 0 0 251 250
p/1558952054.jpg 1 0 0 251 250
p/1558952053.jpg 1 0 0 251 250
p/1558952052.jpg 1 0 0 251 250
p/1558952051.jpg 1 0 0 251 250
p/1558952050.jpg 1 0 0 251 250
p/1558952049.jpg 1 0 0 251 250
p/1558952048.jpg 1 0 0 251 250
p/1558952047.jpg 1 0 0 251 250
p/1558952046.jpg 1 0 0 251 250
p/1558952045.jpg 1 0 0 251 250
p/1558952044.jpg 1 0 0 251 250
p/1558952043.jpg 1 0 0 251 250
p/1558952042.jpg 1 0 0 251 250
p/1558952041.jpg 1 0 0 251 250
p/1558952040.jpg 1 0 0 251 250
p/1558952039.jpg 1 0 0 251 250
p/1558952038.jpg 1 0 0 251 250
p/1558952037.jpg 1 0 0 251 250
p/1558952036.jpg 1 0 0 251 250
p/1558952035.jpg 1 0 0 251 250
p/1558952034.jpg 1 0 0 251 250
p/1558952033.jpg 1 0 0 251 250
p/1558952032.jpg 1 0 0 251 250
p/1558952031.jpg 1 0 0 251 250
p/1558952030.jpg 1 0 0 251 250
p/1558952029.jpg 1 0 0 251 250
p/1558952028.jpg 1 0 0 251 250
p/1558952027.jpg 1 0 0 251 250
p/1558952026.jpg 1 0 0 251 250
p/1558952025.jpg 1 0 0 251 250
p/1558952024.jpg 1 0 0 251 250
p/1558952023.jpg 1 0 0 251 250
p/1558952022.jpg 1 0 0 251 250
p/1558952021.jpg 1 0 0 251 250
p/1558952020.jpg 1 0 0 251 250
p/1558952019.jpg 1 0 0 251 250
p/1558952018.jpg 1 0 0 251 250
p/1558952017.jpg 1 0 0 251 250
p/1558952016.jpg 1 0 0 251 250
p/1558952015.jpg 1 0 0 251 250
p/1558952014.jpg 1 0 0 251 250
p/1558952013.jpg 1 0 0 251 250
p/1558952012.jpg 1 0 0 251 250
p/1558952011.jpg 1 0 0 251 250
p/1558952009.jpg 1 0 0 251 250
p/1558952008.jpg 1 0 0 251 250
p/1558952007.jpg 1 0 0 251 250
p/1558952006.jpg 1 0 0 251 250
p/1558952005.jpg 1 0 0 251 250
p/1558952004.jpg 1 0 0 251 250
p/1558952003.jpg 1 0 0 251 250
p/1558952002.jpg 1 0 0 251 250
p/1558952001.jpg 1 0 0 251 250
p/1558952000.jpg 1 0 0 251 250
p/1558951999.jpg 1 0 0 251 250
p/1558951998.jpg 1 0 0 251 250
p/1558951997.jpg 1 0 0 251 250
p/1558951996.jpg 1 0 0 251 250
p/1558951995.jpg 1 0 0 251 250
p/1558951994.jpg 1 0 0 251 250
p/1558951993.jpg 1 0 0 251 250
p/1558951992.jpg 1 0 0 251 250
p/1558951991.jpg 1 0 0 251 250
p/1558951990.jpg 1 0 0 251 250
p/1558951989.jpg 1 0 0 251 250
p/1558951988.jpg 1 0 0 251 250
p/1558951987.jpg 1 0 0 251 250
p/1558951986.jpg 1 0 0 251 250
p/1558951985.jpg 1 0 0 251 250
p/1558951984.jpg 1 0 0 251 250
p/1558951983.jpg 1 0 0 251 250
p/1558951982.jpg 1 0 0 251 250
p/1558951981.jpg 1 0 0 251 250
p/1558951980.jpg 1 0 0 251 250
p/1558951979.jpg 1 0 0 251 250
p/1558951978.jpg 1 0 0 251 250
p/1558951977.jpg 1 0 0 251 250
p/1558951976.jpg 1 0 0 251 250
p/1558951975.jpg 1 0 0 251 250
p/1558951974.jpg 1 0 0 251 250
p/1558951973.jpg 1 0 0 251 250
p/1558951972.jpg 1 0 0 251 250
p/1558951971.jpg 1 0 0 251 250
p/1558951970.jpg 1 0 0 251 250
p/1558951969.jpg 1 0 0 251 250
p/1558951968.jpg 1 0 0 251 250
p/1558951967.jpg 1 0 0 251 250
p/1558951966.jpg 1 0 0 251 250
p/1558951965.jpg 1 0 0 251 250
p/1558951964.jpg 1 0 0 251 250
p/1558951963.jpg 1 0 0 251 250
p/1558951962.jpg 1 0 0 251 250
p/1558951961.jpg 1 0 0 251 250
p/1558951959.jpg 1 0 0 251 250
p/1558951958.jpg 1 0 0 251 250
p/1558951957.jpg 1 0 0 251 250
p/1558951956.jpg 1 0 0 251 250
p/1558951955.jpg 1 0 0 251 250
p/1558951954.jpg 1 0 0 251 250
p/1558951953.jpg 1 0 0 251 250
p/1558951952.jpg 1 0 0 251 250
p/1558951951.jpg 1 0 0 251 250
p/1558951950.jpg 1 0 0 251 250
p/1558951949.jpg 1 0 0 251 250
p/1558951948.jpg 1 0 0 251 250
p/1558951947.jpg 1 0 0 251 250
p/1558951946.jpg 1 0 0 251 250
p/1558951945.jpg 1 0 0 251 250
p/1558951944.jpg 1 0 0 251 250
p/1558951943.jpg 1 0 0 251 250
p/1558951942.jpg 1 0 0 251 250
p/1558951941.jpg 1 0 0 251 250
p/1558951940.jpg 1 0 0 251 250
p/1558951939.jpg 1 0 0 251 250
p/1558951938.jpg 1 0 0 251 250
p/1558951937.jpg 1 0 0 251 250
p/1558951936.jpg 1 0 0 251 250
p/1558951935.jpg 1 0 0 251 250
p/1558951934.jpg 1 0 0 251 250
p/1558951933.jpg 1 0 0 251 250
p/1558951932.jpg 1 0 0 251 250
p/1558951931.jpg 1 0 0 251 250
p/1558951930.jpg 1 0 0 251 250
p/1558951929.jpg 1 0 0 251 250
p/1558951928.jpg 1 0 0 251 250
p/1558951927.jpg 1 0 0 251 250
p/1558951926.jpg 1 0 0 251 250
p/1558951925.jpg 1 0 0 251 250
p/1558951924.jpg 1 0 0 251 250
p/1558951923.jpg 1 0 0 251 250
p/1558951922.jpg 1 0 0 251 250
p/1558951921.jpg 1 0 0 251 250
p/1558951920.jpg 1 0 0 251 250
p/1558951919.jpg 1 0 0 251 250
p/1558951918.jpg 1 0 0 251 250
p/1558951917.jpg 1 0 0 251 250
p/1558951916.jpg 1 0 0 251 250
p/1558951915.jpg 1 0 0 251 250
p/1558951914.jpg 1 0 0 251 250
p/1558951913.jpg 1 0 0 251 250
p/1558951912.jpg 1 0 0 251 250
p/1558951911.jpg 1 0 0 251 250
p/1558951909.jpg 1 0 0 251 250
p/1558951908.jpg 1 0 0 251 250
p/1558951907.jpg 1 0 0 251 250
p/1558951906.jpg 1 0 0 251 250
p/1558951905.jpg 1 0 0 251 250
p/1558951904.jpg 1 0 0 251 250
p/1558951903.jpg 1 0 0 251 250
p/1558951902.jpg 1 0 0 251 250
p/1558951901.jpg 1 0 0 251 250
p/1558951900.jpg 1 0 0 251 250
p/1558951899.jpg 1 0 0 251 250
p/1558951898.jpg 1 0 0 251 250
p/1558951897.jpg 1 0 0 251 250
p/1558951896.jpg 1 0 0 251 250
p/1558951895.jpg 1 0 0 251 250
p/1558951894.jpg 1 0 0 251 250
p/1558951893.jpg 1 0 0 251 250
p/1558951892.jpg 1 0 0 251 250
p/1558951891.jpg 1 0 0 251 250
p/1558951890.jpg 1 0 0 251 250
p/1558951889.jpg 1 0 0 251 250
p/1558951888.jpg 1 0 0 251 250
p/1558951887.jpg 1 0 0 251 250
p/1558951886.jpg 1 0 0 251 250
p/1558951885.jpg 1 0 0 251 250
p/1558951884.jpg 1 0 0 251 250
p/1558951883.jpg 1 0 0 251 250
p/1558951882.jpg 1 0 0 251 250
p/1558951881.jpg 1 0 0 251 250
p/1558951880.jpg 1 0 0 251 250
p/1558951879.jpg 1 0 0 251 250
p/1558951878.jpg 1 0 0 251 250
p/1558951877.jpg 1 0 0 251 250
p/1558951876.jpg 1 0 0 251 250
p/1558951875.jpg 1 0 0 251 250
p/1558951874.jpg 1 0 0 251 250
p/1558951873.jpg 1 0 0 251 250
p/1558951872.jpg 1 0 0 251 250
p/1558951871.jpg 1 0 0 251 250
p/1558951870.jpg 1 0 0 251 250
p/1558951869.jpg 1 0 0 251 250
p/1558951868.jpg 1 0 0 251 250
p/1558951867.jpg 1 0 0 251 250
p/1558951866.jpg 1 0 0 251 250
p/1558951865.jpg 1 0 0 251 250
p/1558951864.jpg 1 0 0 251 250
p/1558951863.jpg 1 0 0 251 250
p/1558951862.jpg 1 0 0 251 250
p/1558951861.jpg 1 0 0 251 250
p/1558951859.jpg 1 0 0 251 250
p/1558951858.jpg 1 0 0 251 250
p/1558951857.jpg 1 0 0 251 250
p/1558951856.jpg 1 0 0 251 250
p/1558951855.jpg 1 0 0 251 250
p/1558951854.jpg 1 0 0 251 250
p/1558951853.jpg 1 0 0 251 250
p/1558951852.jpg 1 0 0 251 250
p/1558951851.jpg 1 0 0 251 250
p/1558951850.jpg 1 0 0 251 250
p/1558951849.jpg 1 0 0 251 250
p/1558951848.jpg 1 0 0 251 250
p/1558951847.jpg 1 0 0 251 250
p/1558951846.jpg 1 0 0 251 250
p/1558951845.jpg 1 0 0 251 250
p/1558951844.jpg 1 0 0 251 250
p/1558951843.jpg 1 0 0 251 250
p/1558951842.jpg 1 0 0 251 250
p/1558951841.jpg 1 0 0 251 250
p/1558951840.jpg 1 0 0 251 250
p/1558951839.jpg 1 0 0 251 250
p/1558951838.jpg 1 0 0 251 250
p/1558951837.jpg 1 0 0 251 250
p/1558951836.jpg 1 0 0 251 250
p/1558951835.jpg 1 0 0 251 250
p/1558951834.jpg 1 0 0 251 250
p/1558951833.jpg 1 0 0 251 250
p/1558951832.jpg 1 0 0 251 250
p/1558951831.jpg 1 0 0 251 250
p/1558951830.jpg 1 0 0 251 250
p/1558951829.jpg 1 0 0 251 250
p/1558951828.jpg 1 0 0 251 250
p/1558951827.jpg 1 0 0 251 250
p/1558951826.jpg 1 0 0 251 250
p/1558951825.jpg 1 0 0 251 250
p/1558951824.jpg 1 0 0 251 250
p/1558951823.jpg 1 0 0 251 250
p/1558951822.jpg 1 0 0 251 250
p/1558951821.jpg 1 0 0 251 250
p/1558951820.jpg 1 0 0 251 250
p/1558951819.jpg 1 0 0 251 250
p/1558951818.jpg 1 0 0 251 250
p/1558951817.jpg 1 0 0 251 250
p/1558951816.jpg 1 0 0 251 250
p/1558951815.jpg 1 0 0 251 250
p/1558951814.jpg 1 0 0 251 250
p/1558951813.jpg 1 0 0 251 250
p/1558951812.jpg 1 0 0 251 250
p/1558951811.jpg 1 0 0 251 250
p/1558951810.jpg 1 0 0 251 250
p/1558951809.jpg 1 0 0 251 250
p/1558951807.jpg 1 0 0 251 250
p/1558951806.jpg 1 0 0 251 250
p/1558951805.jpg 1 0 0 251 250
p/1558951804.jpg 1 0 0 251 250
p/1558951803.jpg 1 0 0 251 250
p/1558951802.jpg 1 0 0 251 250
p/1558951801.jpg 1 0 0 251 250
p/1558951800.jpg 1 0 0 251 250
p/1558951799.jpg 1 0 0 251 250
p/1558951798.jpg 1 0 0 251 250
p/1558951797.jpg 1 0 0 251 250
p/1558951796.jpg 1 0 0 251 250
p/1558951795.jpg 1 0 0 251 250
p/1558951794.jpg 1 0 0 251 250
p/1558951793.jpg 1 0 0 251 250
p/1558951792.jpg 1 0 0 251 250
p/1558951791.jpg 1 0 0 251 250
p/1558951790.jpg 1 0 0 251 250
p/1558951789.jpg 1 0 0 251 250
p/1558951788.jpg 1 0 0 251 250
p/1558951787.jpg 1 0 0 251 250
p/1558951786.jpg 1 0 0 251 250
p/1558951785.jpg 1 0 0 251 250
p/1558951784.jpg 1 0 0 251 250
p/1558951783.jpg 1 0 0 251 250
p/1558951782.jpg 1 0 0 251 250
p/1558951781.jpg 1 0 0 251 250
p/1558951780.jpg 1 0 0 251 250
p/1558951779.jpg 1 0 0 251 250
p/1558951778.jpg 1 0 0 251 250
p/1558951777.jpg 1 0 0 251 250
p/1558951776.jpg 1 0 0 251 250
p/1558951775.jpg 1 0 0 251 250
p/1558951774.jpg 1 0 0 251 250
p/1558951773.jpg 1 0 0 251 250
p/1558951772.jpg 1 0 0 251 250
p/1558951771.jpg 1 0 0 251 250
p/1558951770.jpg 1 0 0 251 250
p/1558951769.jpg 1 0 0 251 250
p/1558951768.jpg 1 0 0 251 250
p/1558951767.jpg 1 0 0 251 250
p/1558951766.jpg 1 0 0 251 250
p/1558951765.jpg 1 0 0 251 250
p/1558951764.jpg 1 0 0 251 250
p/1558951763.jpg 1 0 0 251 250
p/1558951762.jpg 1 0 0 251 250
p/1558951761.jpg 1 0 0 251 250
p/1558951760.jpg 1 0 0 251 250
p/1558951759.jpg 1 0 0 251 250
p/1558951757.jpg 1 0 0 251 250
p/1558951756.jpg 1 0 0 251 250
p/1558951755.jpg 1 0 0 251 250
p/1558951754.jpg 1 0 0 251 250
p/1558951753.jpg 1 0 0 251 250
p/1558951752.jpg 1 0 0 251 250
p/1558951751.jpg 1 0 0 251 250
p/1558951750.jpg 1 0 0 251 250
p/1558951749.jpg 1 0 0 251 250
p/1558951748.jpg 1 0 0 251 250
p/1558951747.jpg 1 0 0 251 250
p/1558951746.jpg 1 0 0 251 250
p/1558951745.jpg 1 0 0 251 250
p/1558951744.jpg 1 0 0 251 250
p/1558951743.jpg 1 0 0 251 250
p/1558951742.jpg 1 0 0 251 250
p/1558951741.jpg 1 0 0 251 250
p/1558951740.jpg 1 0 0 251 250
p/1558951739.jpg 1 0 0 251 250
p/1558951738.jpg 1 0 0 251 250
p/1558951737.jpg 1 0 0 251 250
p/1558951736.jpg 1 0 0 251 250
p/1558951735.jpg 1 0 0 251 250
p/1558951734.jpg 1 0 0 251 250
p/1558951733.jpg 1 0 0 251 250
p/1558951732.jpg 1 0 0 251 250
p/1558951731.jpg 1 0 0 251 250
p/1558951730.jpg 1 0 0 251 250
p/1558951729.jpg 1 0 0 251 250
p/1558951728.jpg 1 0 0 251 250
p/1558951727.jpg 1 0 0 251 250
p/1558951726.jpg 1 0 0 251 250
p/1558951725.jpg 1 0 0 251 250
p/1558951724.jpg 1 0 0 251 250
p/1558951723.jpg 1 0 0 251 250
p/1558951722.jpg 1 0 0 251 250
p/1558951721.jpg 1 0 0 251 250
p/1558951720.jpg 1 0 0 251 250
p/1558951719.jpg 1 0 0 251 250
p/1558951718.jpg 1 0 0 251 250
p/1558951717.jpg 1 0 0 251 250
p/1558951716.jpg 1 0 0 251 250
p/1558951715.jpg 1 0 0 251 250
p/1558951714.jpg 1 0 0 251 250
p/1558951713.jpg 1 0 0 251 250
p/1558951712.jpg 1 0 0 251 250
p/1558951711.jpg 1 0 0 251 250
p/1558951710.jpg 1 0 0 251 250
p/1558951709.jpg 1 0 0 251 250
p/1558951708.jpg 1 0 0 251 250
p/1558951706.jpg 1 0 0 251 250
p/1558951705.jpg 1 0 0 251 250
p/1558951704.jpg 1 0 0 251 250
p/1558951703.jpg 1 0 0 251 250
p/1558951702.jpg 1 0 0 251 250
p/1558951701.jpg 1 0 0 251 250
p/1558951700.jpg 1 0 0 251 250
p/1558951699.jpg 1 0 0 251 250
p/1558951698.jpg 1 0 0 251 250
p/1558951697.jpg 1 0 0 251 250
p/1558951696.jpg 1 0 0 251 250
p/1558951695.jpg 1 0 0 251 250
p/1558951694.jpg 1 0 0 251 250
p/1558951693.jpg 1 0 0 251 250
p/1558951692.jpg 1 0 0 251 250
p/1558951691.jpg 1 0 0 251 250
p/1558951690.jpg 1 0 0 251 250
p/1558951689.jpg 1 0 0 251 250
p/1558951688.jpg 1 0 0 251 250
p/1558951687.jpg 1 0 0 251 250
p/1558951686.jpg 1 0 0 251 250
p/1558951685.jpg 1 0 0 251 250
p/1558951684.jpg 1 0 0 251 250
p/1558951683.jpg 1 0 0 251 250
p/1558951682.jpg 1 0 0 251 250
p/1558951681.jpg 1 0 0 251 250
p/1558951680.jpg 1 0 0 251 250
p/1558951679.jpg 1 0 0 251 250
p/1558951678.jpg 1 0 0 251 250
p/1558951677.jpg 1 0 0 251 250
p/1558951676.jpg 1 0 0 251 250
p/1558951675.jpg 1 0 0 251 250
p/1558951674.jpg 1 0 0 251 250
p/1558951673.jpg 1 0 0 251 250
p/1558951672.jpg 1 0 0 251 250
p/1558951671.jpg 1 0 0 251 250
p/1558951670.jpg 1 0 0 251 250
p/1558951669.jpg 1 0 0 251 250
p/1558951668.jpg 1 0 0 251 250
p/1558951667.jpg 1 0 0 251 250
p/1558951666.jpg 1 0 0 251 250
p/1558951665.jpg 1 0 0 251 250
p/1558951664.jpg 1 0 0 251 250
p/1558951663.jpg 1 0 0 251 250
p/1558951662.jpg 1 0 0 251 250
p/1558951661.jpg 1 0 0 251 250
p/1558951660.jpg 1 0 0 251 250
p/1558951659.jpg 1 0 0 251 250
p/1558951658.jpg 1 0 0 251 250
p/1558951657.jpg 1 0 0 251 250
p/1558951655.jpg 1 0 0 251 250
p/1558951654.jpg 1 0 0 251 250
p/1558951653.jpg 1 0 0 251 250
p/1558951652.jpg 1 0 0 251 250
p/1558951651.jpg 1 0 0 251 250
p/1558951650.jpg 1 0 0 251 250
p/1558951649.jpg 1 0 0 251 250
p/1558951648.jpg 1 0 0 251 250
p/1558951647.jpg 1 0 0 251 250
p/1558951646.jpg 1 0 0 251 250
p/1558951645.jpg 1 0 0 251 250
p/1558951644.jpg 1 0 0 251 250
p/1558951643.jpg 1 0 0 251 250
p/1558951642.jpg 1 0 0 251 250
p/1558951641.jpg 1 0 0 251 250
p/1558951640.jpg 1 0 0 251 250
p/1558951639.jpg 1 0 0 251 250
p/1558951638.jpg 1 0 0 251 250
p/1558951637.jpg 1 0 0 251 250
p/1558951636.jpg 1 0 0 251 250
p/1558951635.jpg 1 0 0 251 250
p/1558951634.jpg 1 0 0 251 250
p/1558951633.jpg 1 0 0 251 250
p/1558951632.jpg 1 0 0 251 250
p/1558951631.jpg 1 0 0 251 250
p/1558951630.jpg 1 0 0 251 250
p/1558951629.jpg 1 0 0 251 250
p/1558951628.jpg 1 0 0 251 250
p/1558951627.jpg 1 0 0 251 250
p/1558951626.jpg 1 0 0 251 250
p/1558951625.jpg 1 0 0 251 250
p/1558951624.jpg 1 0 0 251 250
p/1558951623.jpg 1 0 0 251 250
p/1558951622.jpg 1 0 0 251 250
p/1558951621.jpg 1 0 0 251 250
p/1558951620.jpg 1 0 0 251 250
p/1558951619.jpg 1 0 0 251 250
p/1558951618.jpg 1 0 0 251 250
p/1558951617.jpg 1 0 0 251 250
p/1558951616.jpg 1 0 0 251 250
p/1558951615.jpg 1 0 0 251 250
p/1558951614.jpg 1 0 0 251 250
p/1558951613.jpg 1 0 0 251 250
p/1558951612.jpg 1 0 0 251 250
p/1558951611.jpg 1 0 0 251 250
p/1558951610.jpg 1 0 0 251 250
p/1558951609.jpg 1 0 0 251 250
p/1558951608.jpg 1 0 0 251 250
p/1558951607.jpg 1 0 0 251 250
p/1558951605.jpg 1 0 0 251 250
p/1558951604.jpg 1 0 0 251 250
p/1558951603.jpg 1 0 0 251 250
p/1558951602.jpg 1 0 0 251 250
p/1558951601.jpg 1 0 0 251 250
p/1558951600.jpg 1 0 0 251 250
p/1558951599.jpg 1 0 0 251 250
p/1558951598.jpg 1 0 0 251 250
p/1558951597.jpg 1 0 0 251 250
p/1558951596.jpg 1 0 0 251 250
p/1558951595.jpg 1 0 0 251 250
p/1558951594.jpg 1 0 0 251 250
p/1558951593.jpg 1 0 0 251 250
p/1558951592.jpg 1 0 0 251 250
p/1558951591.jpg 1 0 0 251 250
p/1558951590.jpg 1 0 0 251 250
p/1558951589.jpg 1 0 0 251 250
p/1558951588.jpg 1 0 0 251 250
p/1558951587.jpg 1 0 0 251 250
p/1558951586.jpg 1 0 0 251 250
p/1558951585.jpg 1 0 0 251 250
p/1558951584.jpg 1 0 0 251 250
p/1558951583.jpg 1 0 0 251 250
p/1558951582.jpg 1 0 0 251 250
p/1558951581.jpg 1 0 0 251 250
p/1558951580.jpg 1 0 0 251 250
p/1558951579.jpg 1 0 0 251 250
p/1558951578.jpg 1 0 0 251 250
p/1558951577.jpg 1 0 0 251 250
p/1558951576.jpg 1 0 0 251 250
p/1558951575.jpg 1 0 0 251 250
p/1558951574.jpg 1 0 0 251 250
p/1558951573.jpg 1 0 0 251 250
p/1558951572.jpg 1 0 0 251 250
p/1558951571.jpg 1 0 0 251 250
p/1558951570.jpg 1 0 0 251 250
p/1558951569.jpg 1 0 0 251 250
p/1558951568.jpg 1 0 0 251 250
p/1558951567.jpg 1 0 0 251 250
p/1558951566.jpg 1 0 0 251 250
p/1558951565.jpg 1 0 0 251 250
p/1558951564.jpg 1 0 0 251 250
p/1558951563.jpg 1 0 0 251 250
p/1558951562.jpg 1 0 0 251 250
p/1558951561.jpg 1 0 0 251 250
p/1558951560.jpg 1 0 0 251 250
p/1558951559.jpg 1 0 0 251 250
p/1558951558.jpg 1 0 0 251 250
p/1558951557.jpg 1 0 0 251 250
p/1558951556.jpg 1 0 0 251 250
p/1558951554.jpg 1 0 0 251 250
p/1558951553.jpg 1 0 0 251 250
p/1558951552.jpg 1 0 0 251 250
p/1558951551.jpg 1 0 0 251 250
p/1558951550.jpg 1 0 0 251 250
p/1558951549.jpg 1 0 0 251 250
p/1558951548.jpg 1 0 0 251 250
p/1558951547.jpg 1 0 0 251 250
p/1558951546.jpg 1 0 0 251 250
p/1558951545.jpg 1 0 0 251 250
p/1558951544.jpg 1 0 0 251 250
p/1558951543.jpg 1 0 0 251 250
p/1558951542.jpg 1 0 0 251 250
p/1558951541.jpg 1 0 0 251 250
p/1558951540.jpg 1 0 0 251 250
p/1558951539.jpg 1 0 0 251 250
p/1558951538.jpg 1 0 0 251 250
p/1558951537.jpg 1 0 0 251 250
p/1558951536.jpg 1 0 0 251 250
p/1558951535.jpg 1 0 0 251 250
p/1558951534.jpg 1 0 0 251 250
p/1558951533.jpg 1 0 0 251 250
p/1558951532.jpg 1 0 0 251 250
p/1558951531.jpg 1 0 0 251 250
p/1558951530.jpg 1 0 0 251 250
p/1558951529.jpg 1 0 0 251 250
p/1558951528.jpg 1 0 0 251 250
p/1558951527.jpg 1 0 0 251 250
p/1558951526.jpg 1 0 0 251 250
p/1558951525.jpg 1 0 0 251 250
p/1558951524.jpg 1 0 0 251 250
p/1558951523.jpg 1 0 0 251 250
p/1558951522.jpg 1 0 0 251 250
p/1558951521.jpg 1 0 0 251 250
p/1558951520.jpg 1 0 0 251 250
p/1558951519.jpg 1 0 0 251 250
p/1558951518.jpg 1 0 0 251 250
p/1558951517.jpg 1 0 0 251 250
p/1558951516.jpg 1 0 0 251 250
p/1558951515.jpg 1 0 0 251 250
p/1558951514.jpg 1 0 0 251 250
p/1558951513.jpg 1 0 0 251 250
p/1558951512.jpg 1 0 0 251 250
p/1558951511.jpg 1 0 0 251 250
p/1558951510.jpg 1 0 0 251 250
p/1558951509.jpg 1 0 0 251 250
p/1558951508.jpg 1 0 0 251 250
p/1558951507.jpg 1 0 0 251 250
p/1558951506.jpg 1 0 0 251 250
p/1558951504.jpg 1 0 0 251 250
p/1558951503.jpg 1 0 0 251 250
p/1558951502.jpg 1 0 0 251 250
p/1558951501.jpg 1 0 0 251 250
p/1558951500.jpg 1 0 0 251 250
p/1558951499.jpg 1 0 0 251 250
p/1558951498.jpg 1 0 0 251 250
p/1558951497.jpg 1 0 0 251 250
p/1558951496.jpg 1 0 0 251 250
p/1558951495.jpg 1 0 0 251 250
p/1558951494.jpg 1 0 0 251 250
p/1558951493.jpg 1 0 0 251 250
p/1558951492.jpg 1 0 0 251 250
p/1558951491.jpg 1 0 0 251 250
p/1558951490.jpg 1 0 0 251 250
p/1558951489.jpg 1 0 0 251 250
p/1558951488.jpg 1 0 0 251 250
p/1558951487.jpg 1 0 0 251 250
p/1558951486.jpg 1 0 0 251 250
p/1558951485.jpg 1 0 0 251 250
p/1558951484.jpg 1 0 0 251 250
p/1558951483.jpg 1 0 0 251 250
p/1558951482.jpg 1 0 0 251 250
p/1558951481.jpg 1 0 0 251 250
p/1558951480.jpg 1 0 0 251 250
p/1558951479.jpg 1 0 0 251 250
p/1558951478.jpg 1 0 0 251 250
p/1558951477.jpg 1 0 0 251 250
p/1558951476.jpg 1 0 0 251 250
p/1558951475.jpg 1 0 0 251 250
p/1558951474.jpg 1 0 0 251 250
p/1558951473.jpg 1 0 0 251 250
p/1558951472.jpg 1 0 0 251 250
p/1558951471.jpg 1 0 0 251 250
p/1558951470.jpg 1 0 0 251 250
p/1558951469.jpg 1 0 0 251 250
p/1558951468.jpg 1 0 0 251 250
p/1558951467.jpg 1 0 0 251 250
p/1558951466.jpg 1 0 0 251 250
p/1558951465.jpg 1 0 0 251 250
p/1558951464.jpg 1 0 0 251 250
p/1558951463.jpg 1 0 0 251 250
p/1558951462.jpg 1 0 0 251 250
p/1558951461.jpg 1 0 0 251 250
p/1558951460.jpg 1 0 0 251 250
p/1558951459.jpg 1 0 0 251 250
p/1558951458.jpg 1 0 0 251 250
p/1558951457.jpg 1 0 0 251 250
p/1558951456.jpg 1 0 0 251 250
p/1558951454.jpg 1 0 0 251 250
p/1558951453.jpg 1 0 0 251 250
p/1558951452.jpg 1 0 0 251 250
p/1558951451.jpg 1 0 0 251 250
p/1558951450.jpg 1 0 0 251 250
p/1558951449.jpg 1 0 0 251 250
p/1558951448.jpg 1 0 0 251 250
p/1558951447.jpg 1 0 0 251 250
p/1558951446.jpg 1 0 0 251 250
p/1558951445.jpg 1 0 0 251 250
p/1558951444.jpg 1 0 0 251 250
p/1558951443.jpg 1 0 0 251 250
p/1558951442.jpg 1 0 0 251 250
p/1558951441.jpg 1 0 0 251 250
p/1558951440.jpg 1 0 0 251 250
p/1558951439.jpg 1 0 0 251 250
p/1558951438.jpg 1 0 0 251 250
p/1558951437.jpg 1 0 0 251 250
p/1558951436.jpg 1 0 0 251 250
p/1558951435.jpg 1 0 0 251 250
p/1558951434.jpg 1 0 0 251 250
p/1558951433.jpg 1 0 0 251 250
p/1558951432.jpg 1 0 0 251 250
p/1558951431.jpg 1 0 0 251 250
p/1558951430.jpg 1 0 0 251 250
p/1558951429.jpg 1 0 0 251 250
p/1558951428.jpg 1 0 0 251 250
p/1558951427.jpg 1 0 0 251 250
p/1558951426.jpg 1 0 0 251 250
p/1558951425.jpg 1 0 0 251 250
p/1558951424.jpg 1 0 0 251 250
p/1558951423.jpg 1 0 0 251 250
p/1558951422.jpg 1 0 0 251 250
p/1558951421.jpg 1 0 0 251 250
p/1558951420.jpg 1 0 0 251 250
p/1558951419.jpg 1 0 0 251 250
p/1558951418.jpg 1 0 0 251 250
p/1558951417.jpg 1 0 0 251 250
p/1558951416.jpg 1 0 0 251 250
p/1558951415.jpg 1 0 0 251 250
p/1558951414.jpg 1 0 0 251 250
p/1558951413.jpg 1 0 0 251 250
p/1558951412.jpg 1 0 0 251 250
p/1558951411.jpg 1 0 0 251 250
p/1558951410.jpg 1 0 0 251 250
p/1558951409.jpg 1 0 0 251 250
p/1558951408.jpg 1 0 0 251 250
p/1558951407.jpg 1 0 0 251 250
p/1558951406.jpg 1 0 0 251 250
p/1558951404.jpg 1 0 0 251 250
p/1558951403.jpg 1 0 0 251 250
p/1558951402.jpg 1 0 0 251 250
p/1558951401.jpg 1 0 0 251 250
p/1558951400.jpg 1 0 0 251 250
p/1558951399.jpg 1 0 0 251 250
p/1558951398.jpg 1 0 0 251 250
p/1558951397.jpg 1 0 0 251 250
p/1558951396.jpg 1 0 0 251 250
p/1558951395.jpg 1 0 0 251 250
p/1558951394.jpg 1 0 0 251 250
p/1558951393.jpg 1 0 0 251 250
p/1558951392.jpg 1 0 0 251 250
p/1558951391.jpg 1 0 0 251 250
p/1558951390.jpg 1 0 0 251 250
p/1558951389.jpg 1 0 0 251 250
p/1558951388.jpg 1 0 0 251 250
p/1558951387.jpg 1 0 0 251 250
p/1558951386.jpg 1 0 0 251 250
p/1558951385.jpg 1 0 0 251 250
p/1558951384.jpg 1 0 0 251 250
p/1558951383.jpg 1 0 0 251 250
p/1558951382.jpg 1 0 0 251 250
p/1558951381.jpg 1 0 0 251 250
p/1558951380.jpg 1 0 0 251 250
p/1558951379.jpg 1 0 0 251 250
p/1558951378.jpg 1 0 0 251 250
p/1558951377.jpg 1 0 0 251 250
p/1558951376.jpg 1 0 0 251 250
p/1558951375.jpg 1 0 0 251 250
p/1558951374.jpg 1 0 0 251 250
p/1558951373.jpg 1 0 0 251 250
p/1558951372.jpg 1 0 0 251 250
p/1558951371.jpg 1 0 0 251 250
p/1558951370.jpg 1 0 0 251 250
p/1558951369.jpg 1 0 0 251 250
p/1558951368.jpg 1 0 0 251 250
p/1558951367.jpg 1 0 0 251 250
p/1558951366.jpg 1 0 0 251 250
p/1558951365.jpg 1 0 0 251 250
p/1558951364.jpg 1 0 0 251 250
p/1558951363.jpg 1 0 0 251 250
p/1558951362.jpg 1 0 0 251 250
p/1558951361.jpg 1 0 0 251 250
p/1558951360.jpg 1 0 0 251 250
p/1558951359.jpg 1 0 0 251 250
p/1558951358.jpg 1 0 0 251 250
p/1558951357.jpg 1 0 0 251 250
p/1558951356.jpg 1 0 0 251 250
p/1558951354.jpg 1 0 0 251 250
p/1558951353.jpg 1 0 0 251 250
p/1558951352.jpg 1 0 0 251 250
p/1558951351.jpg 1 0 0 251 250
p/1558951350.jpg 1 0 0 251 250
p/1558951349.jpg 1 0 0 251 250
p/1558951348.jpg 1 0 0 251 250
p/1558951347.jpg 1 0 0 251 250
p/1558951346.jpg 1 0 0 251 250
p/1558951345.jpg 1 0 0 251 250
p/1558951344.jpg 1 0 0 251 250
p/1558951343.jpg 1 0 0 251 250
p/1558951342.jpg 1 0 0 251 250
p/1558951341.jpg 1 0 0 251 250
p/1558951340.jpg 1 0 0 251 250
p/1558951339.jpg 1 0 0 251 250
p/1558951338.jpg 1 0 0 251 250
p/1558951337.jpg 1 0 0 251 250
p/1558951336.jpg 1 0 0 251 250
p/1558951335.jpg 1 0 0 251 250
p/1558951334.jpg 1 0 0 251 250
p/1558951333.jpg 1 0 0 251 250
p/1558951332.jpg 1 0 0 251 250
p/1558951331.jpg 1 0 0 251 250
p/1558951330.jpg 1 0 0 251 250
p/1558951329.jpg 1 0 0 251 250
p/1558951328.jpg 1 0 0 251 250
p/1558951327.jpg 1 0 0 251 250
p/1558951326.jpg 1 0 0 251 250
p/1558951325.jpg 1 0 0 251 250
p/1558951324.jpg 1 0 0 251 250
p/1558951323.jpg 1 0 0 251 250
p/1558951322.jpg 1 0 0 251 250
p/1558951321.jpg 1 0 0 251 250
p/1558951320.jpg 1 0 0 251 250
p/1558951319.jpg 1 0 0 251 250
p/1558951318.jpg 1 0 0 251 250
p/1558951317.jpg 1 0 0 251 250
p/1558951316.jpg 1 0 0 251 250
p/1558951315.jpg 1 0 0 251 250
p/1558951314.jpg 1 0 0 251 250
p/1558951313.jpg 1 0 0 251 250
p/1558951312.jpg 1 0 0 251 250
p/1558951311.jpg 1 0 0 251 250
p/1558951310.jpg 1 0 0 251 250
p/1558951309.jpg 1 0 0 251 250
p/1558951308.jpg 1 0 0 251 250
p/1558951307.jpg 1 0 0 251 250
p/1558951305.jpg 1 0 0 251 250
p/1558951304.jpg 1 0 0 251 250
p/1558951303.jpg 1 0 0 251 250
p/1558951302.jpg 1 0 0 251 250
p/1558951301.jpg 1 0 0 251 250
p/1558951300.jpg 1 0 0 251 250
p/1558951299.jpg 1 0 0 251 250
p/1558951298.jpg 1 0 0 251 250
p/1558951297.jpg 1 0 0 251 250
p/1558951296.jpg 1 0 0 251 250
p/1558951295.jpg 1 0 0 251 250
p/1558951294.jpg 1 0 0 251 250
p/1558951293.jpg 1 0 0 251 250
p/1558951292.jpg 1 0 0 251 250
p/1558951291.jpg 1 0 0 251 250
p/1558951290.jpg 1 0 0 251 250
p/1558951289.jpg 1 0 0 251 250
p/1558951288.jpg 1 0 0 251 250
p/1558951287.jpg 1 0 0 251 250
p/1558951286.jpg 1 0 0 251 250
p/1558951285.jpg 1 0 0 251 250
p/1558951284.jpg 1 0 0 251 250
p/1558951283.jpg 1 0 0 251 250
p/1558951282.jpg 1 0 0 251 250
p/1558951281.jpg 1 0 0 251 250
p/1558951280.jpg 1 0 0 251 250
p/1558951279.jpg 1 0 0 251 250
p/1558951278.jpg 1 0 0 251 250
p/1558951277.jpg 1 0 0 251 250
p/1558951276.jpg 1 0 0 251 250
p/1558951275.jpg 1 0 0 251 250
p/1558951274.jpg 1 0 0 251 250
p/1558951273.jpg 1 0 0 251 250
p/1558951272.jpg 1 0 0 251 250
p/1558951271.jpg 1 0 0 251 250
p/1558951270.jpg 1 0 0 251 250
p/1558951269.jpg 1 0 0 251 250
p/1558951268.jpg 1 0 0 251 250
p/1558951267.jpg 1 0 0 251 250
p/1558951266.jpg 1 0 0 251 250
p/1558951265.jpg 1 0 0 251 250
p/1558951264.jpg 1 0 0 251 250
p/1558951263.jpg 1 0 0 251 250
p/1558951262.jpg 1 0 0 251 250
p/1558951261.jpg 1 0 0 251 250
p/1558951260.jpg 1 0 0 251 250
p/1558951259.jpg 1 0 0 251 250
p/1558951258.jpg 1 0 0 251 250
p/1558951257.jpg 1 0 0 251 250
p/1558951255.jpg 1 0 0 251 250
p/1558951254.jpg 1 0 0 251 250
p/1558951253.jpg 1 0 0 251 250
p/1558951252.jpg 1 0 0 251 250
p/1558951251.jpg 1 0 0 251 250
p/1558951250.jpg 1 0 0 251 250
p/1558951249.jpg 1 0 0 251 250
p/1558951248.jpg 1 0 0 251 250
p/1558951247.jpg 1 0 0 251 250
p/1558951246.jpg 1 0 0 251 250
p/1558951245.jpg 1 0 0 251 250
p/1558951244.jpg 1 0 0 251 250
p/1558951243.jpg 1 0 0 251 250
p/1558951242.jpg 1 0 0 251 250
p/1558951241.jpg 1 0 0 251 250
p/1558951240.jpg 1 0 0 251 250
p/1558951239.jpg 1 0 0 251 250
p/1558951238.jpg 1 0 0 251 250
p/1558951237.jpg 1 0 0 251 250
p/1558951236.jpg 1 0 0 251 250
p/1558951235.jpg 1 0 0 251 250
p/1558951234.jpg 1 0 0 251 250
p/1558951233.jpg 1 0 0 251 250
p/1558951232.jpg 1 0 0 251 250
p/1558951231.jpg 1 0 0 251 250
p/1558951230.jpg 1 0 0 251 250
p/1558951229.jpg 1 0 0 251 250
p/1558951228.jpg 1 0 0 251 250
p/1558951227.jpg 1 0 0 251 250
p/1558951226.jpg 1 0 0 251 250
p/1558951225.jpg 1 0 0 251 250
p/1558951224.jpg 1 0 0 251 250
p/1558951223.jpg 1 0 0 251 250
p/1558951222.jpg 1 0 0 251 250
p/1558951221.jpg 1 0 0 251 250
p/1558951220.jpg 1 0 0 251 250
p/1558951219.jpg 1 0 0 251 250
p/1558951218.jpg 1 0 0 251 250
p/1558951217.jpg 1 0 0 251 250
p/1558951216.jpg 1 0 0 251 250
p/1558951215.jpg 1 0 0 251 250
p/1558951214.jpg 1 0 0 251 250
p/1558951213.jpg 1 0 0 251 250
p/1558951212.jpg 1 0 0 251 250
p/1558951211.jpg 1 0 0 251 250
p/1558951210.jpg 1 0 0 251 250
p/1558951209.jpg 1 0 0 251 250
p/1558951208.jpg 1 0 0 251 250
p/1558951206.jpg 1 0 0 251 250
p/1558951205.jpg 1 0 0 251 250
p/1558951204.jpg 1 0 0 251 250
p/1558951203.jpg 1 0 0 251 250
p/1558951202.jpg 1 0 0 251 250
p/1558951201.jpg 1 0 0 251 250
p/1558951200.jpg 1 0 0 251 250
p/1558951199.jpg 1 0 0 251 250
p/1558951198.jpg 1 0 0 251 250
p/1558951197.jpg 1 0 0 251 250
p/1558951196.jpg 1 0 0 251 250
p/1558951195.jpg 1 0 0 251 250
p/1558951194.jpg 1 0 0 251 250
p/1558951193.jpg 1 0 0 251 250
p/1558951192.jpg 1 0 0 251 250
p/1558951191.jpg 1 0 0 251 250
p/1558951190.jpg 1 0 0 251 250
p/1558951189.jpg 1 0 0 251 250
p/1558951188.jpg 1 0 0 251 250
p/1558951187.jpg 1 0 0 251 250
p/1558951186.jpg 1 0 0 251 250
p/1558951185.jpg 1 0 0 251 250
p/1558951184.jpg 1 0 0 251 250
p/1558951183.jpg 1 0 0 251 250
p/1558951182.jpg 1 0 0 251 250
p/1558951181.jpg 1 0 0 251 250
p/1558951180.jpg 1 0 0 251 250
p/1558951179.jpg 1 0 0 251 250
p/1558951178.jpg 1 0 0 251 250
p/1558951177.jpg 1 0 0 251 250
p/1558951176.jpg 1 0 0 251 250
p/1558951175.jpg 1 0 0 251 250
p/1558951174.jpg 1 0 0 251 250
p/1558951173.jpg 1 0 0 251 250
p/1558951172.jpg 1 0 0 251 250
p/1558951171.jpg 1 0 0 251 250
p/1558951170.jpg 1 0 0 251 250
p/1558951169.jpg 1 0 0 251 250
p/1558951168.jpg 1 0 0 251 250
p/1558951167.jpg 1 0 0 251 250
p/1558951166.jpg 1 0 0 251 250
p/1558951165.jpg 1 0 0 251 250
p/1558951164.jpg 1 0 0 251 250
p/1558951163.jpg 1 0 0 251 250
p/1558951162.jpg 1 0 0 251 250
p/1558951161.jpg 1 0 0 251 250
p/1558951160.jpg 1 0 0 251 250
p/1558951159.jpg 1 0 0 251 250
p/1558951158.jpg 1 0 0 251 250
p/1558951157.jpg 1 0 0 251 250
p/1558951155.jpg 1 0 0 251 250
p/1558951154.jpg 1 0 0 251 250
p/1558951153.jpg 1 0 0 251 250
p/1558951152.jpg 1 0 0 251 250
p/1558951151.jpg 1 0 0 251 250
p/1558951150.jpg 1 0 0 251 250
p/1558951149.jpg 1 0 0 251 250
p/1558951148.jpg 1 0 0 251 250
p/1558951147.jpg 1 0 0 251 250
p/1558951146.jpg 1 0 0 251 250
p/1558951145.jpg 1 0 0 251 250
p/1558951144.jpg 1 0 0 251 250
p/1558951143.jpg 1 0 0 251 250
p/1558951142.jpg 1 0 0 251 250
p/1558951141.jpg 1 0 0 251 250
p/1558951140.jpg 1 0 0 251 250
p/1558951139.jpg 1 0 0 251 250
p/1558951138.jpg 1 0 0 251 250
p/1558951137.jpg 1 0 0 251 250
p/1558951136.jpg 1 0 0 251 250
p/1558951135.jpg 1 0 0 251 250
p/1558951134.jpg 1 0 0 251 250
p/1558951133.jpg 1 0 0 251 250
p/1558951132.jpg 1 0 0 251 250
p/1558951131.jpg 1 0 0 251 250
p/1558951130.jpg 1 0 0 251 250
p/1558951129.jpg 1 0 0 251 250
p/1558951128.jpg 1 0 0 251 250
p/1558951127.jpg 1 0 0 251 250
p/1558951126.jpg 1 0 0 251 250
p/1558951125.jpg 1 0 0 251 250
p/1558951124.jpg 1 0 0 251 250
p/1558951123.jpg 1 0 0 251 250
p/1558951122.jpg 1 0 0 251 250
p/1558951121.jpg 1 0 0 251 250
p/1558951120.jpg 1 0 0 251 250
p/1558951119.jpg 1 0 0 251 250
p/1558951118.jpg 1 0 0 251 250
p/1558951117.jpg 1 0 0 251 250
p/1558951116.jpg 1 0 0 251 250
p/1558951115.jpg 1 0 0 251 250
p/1558951114.jpg 1 0 0 251 250
p/1558951113.jpg 1 0 0 251 250
p/1558951112.jpg 1 0 0 251 250
p/1558951111.jpg 1 0 0 251 250
p/1558951110.jpg 1 0 0 251 250
p/1558951109.jpg 1 0 0 251 250
p/1558951108.jpg 1 0 0 251 250
p/1558951106.jpg 1 0 0 251 250
p/1558951105.jpg 1 0 0 251 250
p/1558951104.jpg 1 0 0 251 250
p/1558951103.jpg 1 0 0 251 250
p/1558951102.jpg 1 0 0 251 250
p/1558951101.jpg 1 0 0 251 250
p/1558951100.jpg 1 0 0 251 250
p/1558951099.jpg 1 0 0 251 250
p/1558951098.jpg 1 0 0 251 250
p/1558951097.jpg 1 0 0 251 250
p/1558951096.jpg 1 0 0 251 250
p/1558951095.jpg 1 0 0 251 250
p/1558951094.jpg 1 0 0 251 250
p/1558951093.jpg 1 0 0 251 250
p/1558951092.jpg 1 0 0 251 250
p/1558951091.jpg 1 0 0 251 250
p/1558951090.jpg 1 0 0 251 250
p/1558951089.jpg 1 0 0 251 250
p/1558951088.jpg 1 0 0 251 250
p/1558951087.jpg 1 0 0 251 250
p/1558951086.jpg 1 0 0 251 250
p/1558951085.jpg 1 0 0 251 250
p/1558951084.jpg 1 0 0 251 250
p/1558951083.jpg 1 0 0 251 250
p/1558951082.jpg 1 0 0 251 250
p/1558951081.jpg 1 0 0 251 250
p/1558951080.jpg 1 0 0 251 250
p/1558951079.jpg 1 0 0 251 250
p/1558951078.jpg 1 0 0 251 250
p/1558951077.jpg 1 0 0 251 250
p/1558951076.jpg 1 0 0 251 250
p/1558951075.jpg 1 0 0 251 250
p/1558951074.jpg 1 0 0 251 250
p/1558951073.jpg 1 0 0 251 250
p/1558951072.jpg 1 0 0 251 250
p/1558951071.jpg 1 0 0 251 250
p/1558951070.jpg 1 0 0 251 250
p/1558951069.jpg 1 0 0 251 250
p/1558951068.jpg 1 0 0 251 250
p/1558951067.jpg 1 0 0 251 250
p/1558951066.jpg 1 0 0 251 250
p/1558951065.jpg 1 0 0 251 250
p/1558951064.jpg 1 0 0 251 250
p/1558951063.jpg 1 0 0 251 250
p/1558951062.jpg 1 0 0 251 250
p/1558951061.jpg 1 0 0 251 250
p/1558951060.jpg 1 0 0 251 250
p/1558951059.jpg 1 0 0 251 250
p/1558951058.jpg 1 0 0 251 250
p/1558951057.jpg 1 0 0 251 250
p/1558951056.jpg 1 0 0 251 250
p/1558951055.jpg 1 0 0 251 250
p/1558951054.jpg 1 0 0 251 250
p/1558951053.jpg 1 0 0 251 250
p/1558951052.jpg 1 0 0 251 250
p/1558951051.jpg 1 0 0 251 250
p/1558951049.jpg 1 0 0 251 250
p/1558951048.jpg 1 0 0 251 250
p/1558951047.jpg 1 0 0 251 250
p/1558951046.jpg 1 0 0 251 250
p/1558951045.jpg 1 0 0 251 250
p/1558951044.jpg 1 0 0 251 250
p/1558951043.jpg 1 0 0 251 250
p/1558951042.jpg 1 0 0 251 250
p/1558951041.jpg 1 0 0 251 250
p/1558951040.jpg 1 0 0 251 250
p/1558951039.jpg 1 0 0 251 250
p/1558951038.jpg 1 0 0 251 250
p/1558951037.jpg 1 0 0 251 250